<?xml version="1.0" encoding="UTF-8"?>
<testng-results ignored="0" total="15" passed="15" failed="0" skipped="0">
  <reporter-output>
  </reporter-output>
  <suite started-at="2024-10-11T06:58:30 GMT" name="FlightBookingSuite" finished-at="2024-10-11T06:58:56 GMT" duration-ms="25456">
    <groups>
    </groups>
    <test started-at="2024-10-11T06:58:30 GMT" name="FlightRegistrationTest_2" finished-at="2024-10-11T06:58:54 GMT" duration-ms="23167">
      <class name="com.testcases.FlightReservationTest">
        <test-method is-config="true" signature="getDriver(org.testng.ITestContext)[pri:0, instance:com.testcases.FlightReservationTest@558bdf1f]" started-at="2024-10-11T06:58:30 GMT" name="getDriver" finished-at="2024-10-11T06:58:37 GMT" duration-ms="6703" status="PASS">
          <params>
            <param index="0">
              <value>
                <![CDATA[org.testng.TestRunner@6ad3381f]]>
              </value>
            </param>
          </params>
          <reporter-output>
          </reporter-output>
        </test-method> <!-- getDriver -->
        <test-method is-config="true" signature="setPageParameters(java.lang.String,java.lang.String)[pri:0, instance:com.testcases.FlightReservationTest@558bdf1f]" started-at="2024-10-11T06:58:37 GMT" name="setPageParameters" finished-at="2024-10-11T06:58:37 GMT" depends-on-methods="com.base.BaseTest.getDriver" duration-ms="4" status="PASS">
          <params>
            <param index="0">
              <value>
                <![CDATA[3]]>
              </value>
            </param>
            <param index="1">
              <value>
                <![CDATA[$1753 USD]]>
              </value>
            </param>
          </params>
          <reporter-output>
          </reporter-output>
        </test-method> <!-- setPageParameters -->
        <test-method signature="registrationflow()[pri:0, instance:com.testcases.FlightReservationTest@558bdf1f]" started-at="2024-10-11T06:58:37 GMT" name="registrationflow" finished-at="2024-10-11T06:58:41 GMT" duration-ms="3436" status="PASS">
          <reporter-output>
          </reporter-output>
        </test-method> <!-- registrationflow -->
        <test-method signature="registrationconfirmationflow()[pri:0, instance:com.testcases.FlightReservationTest@558bdf1f]" started-at="2024-10-11T06:58:41 GMT" name="registrationconfirmationflow" finished-at="2024-10-11T06:58:41 GMT" depends-on-methods="com.testcases.FlightReservationTest.registrationflow" duration-ms="743" status="PASS">
          <reporter-output>
          </reporter-output>
        </test-method> <!-- registrationconfirmationflow -->
        <test-method signature="searchingflightsflow()[pri:0, instance:com.testcases.FlightReservationTest@558bdf1f]" started-at="2024-10-11T06:58:41 GMT" name="searchingflightsflow" finished-at="2024-10-11T06:58:45 GMT" depends-on-methods="com.testcases.FlightReservationTest.registrationconfirmationflow" duration-ms="3693" status="PASS">
          <reporter-output>
          </reporter-output>
        </test-method> <!-- searchingflightsflow -->
        <test-method signature="selectflightsflow()[pri:0, instance:com.testcases.FlightReservationTest@558bdf1f]" started-at="2024-10-11T06:58:45 GMT" name="selectflightsflow" finished-at="2024-10-11T06:58:51 GMT" depends-on-methods="com.testcases.FlightReservationTest.searchingflightsflow" duration-ms="6259" status="PASS">
          <reporter-output>
          </reporter-output>
        </test-method> <!-- selectflightsflow -->
        <test-method signature="finalconfirmationflow()[pri:0, instance:com.testcases.FlightReservationTest@558bdf1f]" started-at="2024-10-11T06:58:51 GMT" name="finalconfirmationflow" finished-at="2024-10-11T06:58:53 GMT" depends-on-methods="com.testcases.FlightReservationTest.selectflightsflow" duration-ms="1406" status="PASS">
          <reporter-output>
          </reporter-output>
        </test-method> <!-- finalconfirmationflow -->
        <test-method is-config="true" signature="quitDriver()[pri:0, instance:com.testcases.FlightReservationTest@558bdf1f]" started-at="2024-10-11T06:58:53 GMT" name="quitDriver" finished-at="2024-10-11T06:58:54 GMT" duration-ms="879" status="PASS">
          <reporter-output>
          </reporter-output>
        </test-method> <!-- quitDriver -->
      </class> <!-- com.testcases.FlightReservationTest -->
    </test> <!-- FlightRegistrationTest_2 -->
    <test started-at="2024-10-11T06:58:30 GMT" name="FlightRegistrationTest_1" finished-at="2024-10-11T06:58:55 GMT" duration-ms="24345">
      <class name="com.testcases.FlightReservationTest">
        <test-method is-config="true" signature="getDriver(org.testng.ITestContext)[pri:0, instance:com.testcases.FlightReservationTest@36b4091c]" started-at="2024-10-11T06:58:30 GMT" name="getDriver" finished-at="2024-10-11T06:58:37 GMT" duration-ms="6703" status="PASS">
          <params>
            <param index="0">
              <value>
                <![CDATA[org.testng.TestRunner@78383390]]>
              </value>
            </param>
          </params>
          <reporter-output>
          </reporter-output>
        </test-method> <!-- getDriver -->
        <test-method is-config="true" signature="setPageParameters(java.lang.String,java.lang.String)[pri:0, instance:com.testcases.FlightReservationTest@36b4091c]" started-at="2024-10-11T06:58:37 GMT" name="setPageParameters" finished-at="2024-10-11T06:58:37 GMT" depends-on-methods="com.base.BaseTest.getDriver" duration-ms="4" status="PASS">
          <params>
            <param index="0">
              <value>
                <![CDATA[2]]>
              </value>
            </param>
            <param index="1">
              <value>
                <![CDATA[$1169 USD]]>
              </value>
            </param>
          </params>
          <reporter-output>
          </reporter-output>
        </test-method> <!-- setPageParameters -->
        <test-method signature="registrationflow()[pri:0, instance:com.testcases.FlightReservationTest@36b4091c]" started-at="2024-10-11T06:58:37 GMT" name="registrationflow" finished-at="2024-10-11T06:58:41 GMT" duration-ms="3953" status="PASS">
          <reporter-output>
          </reporter-output>
        </test-method> <!-- registrationflow -->
        <test-method signature="registrationconfirmationflow()[pri:0, instance:com.testcases.FlightReservationTest@36b4091c]" started-at="2024-10-11T06:58:41 GMT" name="registrationconfirmationflow" finished-at="2024-10-11T06:58:41 GMT" depends-on-methods="com.testcases.FlightReservationTest.registrationflow" duration-ms="158" status="PASS">
          <reporter-output>
          </reporter-output>
        </test-method> <!-- registrationconfirmationflow -->
        <test-method signature="searchingflightsflow()[pri:0, instance:com.testcases.FlightReservationTest@36b4091c]" started-at="2024-10-11T06:58:41 GMT" name="searchingflightsflow" finished-at="2024-10-11T06:58:46 GMT" depends-on-methods="com.testcases.FlightReservationTest.registrationconfirmationflow" duration-ms="4861" status="PASS">
          <reporter-output>
          </reporter-output>
        </test-method> <!-- searchingflightsflow -->
        <test-method signature="selectflightsflow()[pri:0, instance:com.testcases.FlightReservationTest@36b4091c]" started-at="2024-10-11T06:58:46 GMT" name="selectflightsflow" finished-at="2024-10-11T06:58:53 GMT" depends-on-methods="com.testcases.FlightReservationTest.searchingflightsflow" duration-ms="7219" status="PASS">
          <reporter-output>
          </reporter-output>
        </test-method> <!-- selectflightsflow -->
        <test-method signature="finalconfirmationflow()[pri:0, instance:com.testcases.FlightReservationTest@36b4091c]" started-at="2024-10-11T06:58:53 GMT" name="finalconfirmationflow" finished-at="2024-10-11T06:58:54 GMT" depends-on-methods="com.testcases.FlightReservationTest.selectflightsflow" duration-ms="752" status="PASS">
          <reporter-output>
          </reporter-output>
        </test-method> <!-- finalconfirmationflow -->
        <test-method is-config="true" signature="quitDriver()[pri:0, instance:com.testcases.FlightReservationTest@36b4091c]" started-at="2024-10-11T06:58:54 GMT" name="quitDriver" finished-at="2024-10-11T06:58:55 GMT" duration-ms="661" status="PASS">
          <reporter-output>
          </reporter-output>
        </test-method> <!-- quitDriver -->
      </class> <!-- com.testcases.FlightReservationTest -->
    </test> <!-- FlightRegistrationTest_1 -->
    <test started-at="2024-10-11T06:58:30 GMT" name="FlightRegistrationTest_3" finished-at="2024-10-11T06:58:56 GMT" duration-ms="25456">
      <class name="com.testcases.FlightReservationTest">
        <test-method is-config="true" signature="setupConfig()[pri:0, instance:com.testcases.FlightReservationTest@7582ff54]" started-at="2024-10-11T06:58:30 GMT" name="setupConfig" finished-at="2024-10-11T06:58:30 GMT" duration-ms="18" status="PASS">
          <reporter-output>
          </reporter-output>
        </test-method> <!-- setupConfig -->
        <test-method is-config="true" signature="getDriver(org.testng.ITestContext)[pri:0, instance:com.testcases.FlightReservationTest@7582ff54]" started-at="2024-10-11T06:58:30 GMT" name="getDriver" finished-at="2024-10-11T06:58:37 GMT" duration-ms="6703" status="PASS">
          <params>
            <param index="0">
              <value>
                <![CDATA[org.testng.TestRunner@53dbe163]]>
              </value>
            </param>
          </params>
          <reporter-output>
          </reporter-output>
        </test-method> <!-- getDriver -->
        <test-method is-config="true" signature="setPageParameters(java.lang.String,java.lang.String)[pri:0, instance:com.testcases.FlightReservationTest@7582ff54]" started-at="2024-10-11T06:58:37 GMT" name="setPageParameters" finished-at="2024-10-11T06:58:37 GMT" depends-on-methods="com.base.BaseTest.getDriver" duration-ms="4" status="PASS">
          <params>
            <param index="0">
              <value>
                <![CDATA[4]]>
              </value>
            </param>
            <param index="1">
              <value>
                <![CDATA[$2338 USD]]>
              </value>
            </param>
          </params>
          <reporter-output>
          </reporter-output>
        </test-method> <!-- setPageParameters -->
        <test-method signature="registrationflow()[pri:0, instance:com.testcases.FlightReservationTest@7582ff54]" started-at="2024-10-11T06:58:37 GMT" name="registrationflow" finished-at="2024-10-11T06:58:41 GMT" duration-ms="3820" status="PASS">
          <reporter-output>
          </reporter-output>
        </test-method> <!-- registrationflow -->
        <test-method signature="registrationconfirmationflow()[pri:0, instance:com.testcases.FlightReservationTest@7582ff54]" started-at="2024-10-11T06:58:41 GMT" name="registrationconfirmationflow" finished-at="2024-10-11T06:58:42 GMT" depends-on-methods="com.testcases.FlightReservationTest.registrationflow" duration-ms="1250" status="PASS">
          <reporter-output>
          </reporter-output>
        </test-method> <!-- registrationconfirmationflow -->
        <test-method signature="searchingflightsflow()[pri:0, instance:com.testcases.FlightReservationTest@7582ff54]" started-at="2024-10-11T06:58:42 GMT" name="searchingflightsflow" finished-at="2024-10-11T06:58:46 GMT" depends-on-methods="com.testcases.FlightReservationTest.registrationconfirmationflow" duration-ms="3757" status="PASS">
          <reporter-output>
          </reporter-output>
        </test-method> <!-- searchingflightsflow -->
        <test-method signature="selectflightsflow()[pri:0, instance:com.testcases.FlightReservationTest@7582ff54]" started-at="2024-10-11T06:58:46 GMT" name="selectflightsflow" finished-at="2024-10-11T06:58:54 GMT" depends-on-methods="com.testcases.FlightReservationTest.searchingflightsflow" duration-ms="7780" status="PASS">
          <reporter-output>
          </reporter-output>
        </test-method> <!-- selectflightsflow -->
        <test-method signature="finalconfirmationflow()[pri:0, instance:com.testcases.FlightReservationTest@7582ff54]" started-at="2024-10-11T06:58:54 GMT" name="finalconfirmationflow" finished-at="2024-10-11T06:58:55 GMT" depends-on-methods="com.testcases.FlightReservationTest.selectflightsflow" duration-ms="1338" status="PASS">
          <reporter-output>
          </reporter-output>
        </test-method> <!-- finalconfirmationflow -->
        <test-method is-config="true" signature="quitDriver()[pri:0, instance:com.testcases.FlightReservationTest@7582ff54]" started-at="2024-10-11T06:58:55 GMT" name="quitDriver" finished-at="2024-10-11T06:58:56 GMT" duration-ms="769" status="PASS">
          <reporter-output>
          </reporter-output>
        </test-method> <!-- quitDriver -->
      </class> <!-- com.testcases.FlightReservationTest -->
    </test> <!-- FlightRegistrationTest_3 -->
  </suite> <!-- FlightBookingSuite -->
</testng-results>
