<?xml version="1.0" encoding="UTF-8"?>
<testng-results ignored="0" total="9" passed="9" failed="0" skipped="0">
  <reporter-output>
  </reporter-output>
  <suite started-at="2024-10-12T12:30:37 GMT" name="Vendor Suite" finished-at="2024-10-12T12:30:50 GMT" duration-ms="13065">
    <groups>
    </groups>
    <test started-at="2024-10-12T12:30:37 GMT" name="Test2" finished-at="2024-10-12T12:30:49 GMT" duration-ms="12440">
      <class name="com.testcases.VendorPortalTest">
        <test-method is-config="true" signature="getDriver(org.testng.ITestContext)[pri:0, instance:com.testcases.VendorPortalTest@492691d7]" started-at="2024-10-12T12:30:37 GMT" name="getDriver" finished-at="2024-10-12T12:30:39 GMT" duration-ms="2072" status="PASS">
          <params>
            <param index="0">
              <value>
                <![CDATA[org.testng.TestRunner@5a709816]]>
              </value>
            </param>
          </params>
          <reporter-output>
          </reporter-output>
        </test-method> <!-- getDriver -->
        <test-method is-config="true" signature="setparavalues(java.lang.String,java.lang.String,java.lang.String,int)[pri:0, instance:com.testcases.VendorPortalTest@492691d7]" started-at="2024-10-12T12:30:39 GMT" name="setparavalues" finished-at="2024-10-12T12:30:39 GMT" depends-on-methods="com.base.BaseTest.getDriver" duration-ms="14" status="PASS">
          <params>
            <param index="0">
              <value>
                <![CDATA[mike]]>
              </value>
            </param>
            <param index="1">
              <value>
                <![CDATA[mike]]>
              </value>
            </param>
            <param index="2">
              <value>
                <![CDATA[jen]]>
              </value>
            </param>
            <param index="3">
              <value>
                <![CDATA[4]]>
              </value>
            </param>
          </params>
          <reporter-output>
          </reporter-output>
        </test-method> <!-- setparavalues -->
        <test-method signature="loginTest()[pri:0, instance:com.testcases.VendorPortalTest@492691d7]" started-at="2024-10-12T12:30:39 GMT" name="loginTest" finished-at="2024-10-12T12:30:41 GMT" duration-ms="1903" status="PASS">
          <reporter-output>
          </reporter-output>
        </test-method> <!-- loginTest -->
        <test-method signature="DashboardTest()[pri:0, instance:com.testcases.VendorPortalTest@492691d7]" started-at="2024-10-12T12:30:41 GMT" name="DashboardTest" finished-at="2024-10-12T12:30:48 GMT" depends-on-methods="com.testcases.VendorPortalTest.loginTest" duration-ms="7315" status="PASS">
          <reporter-output>
          </reporter-output>
        </test-method> <!-- DashboardTest -->
        <test-method signature="logOut()[pri:0, instance:com.testcases.VendorPortalTest@492691d7]" started-at="2024-10-12T12:30:48 GMT" name="logOut" finished-at="2024-10-12T12:30:49 GMT" depends-on-methods="com.testcases.VendorPortalTest.DashboardTest" duration-ms="1017" status="PASS">
          <reporter-output>
          </reporter-output>
        </test-method> <!-- logOut -->
        <test-method is-config="true" signature="quitDriver()[pri:0, instance:com.testcases.VendorPortalTest@492691d7]" started-at="2024-10-12T12:30:49 GMT" name="quitDriver" finished-at="2024-10-12T12:30:49 GMT" duration-ms="89" status="PASS">
          <reporter-output>
          </reporter-output>
        </test-method> <!-- quitDriver -->
      </class> <!-- com.testcases.VendorPortalTest -->
    </test> <!-- Test2 -->
    <test started-at="2024-10-12T12:30:37 GMT" name="Test3" finished-at="2024-10-12T12:30:49 GMT" duration-ms="12746">
      <class name="com.testcases.VendorPortalTest">
        <test-method is-config="true" signature="setupConfig()[pri:0, instance:com.testcases.VendorPortalTest@558bdf1f]" started-at="2024-10-12T12:30:36 GMT" name="setupConfig" finished-at="2024-10-12T12:30:36 GMT" duration-ms="18" status="PASS">
          <reporter-output>
          </reporter-output>
        </test-method> <!-- setupConfig -->
        <test-method is-config="true" signature="getDriver(org.testng.ITestContext)[pri:0, instance:com.testcases.VendorPortalTest@558bdf1f]" started-at="2024-10-12T12:30:37 GMT" name="getDriver" finished-at="2024-10-12T12:30:39 GMT" duration-ms="2072" status="PASS">
          <params>
            <param index="0">
              <value>
                <![CDATA[org.testng.TestRunner@78383390]]>
              </value>
            </param>
          </params>
          <reporter-output>
          </reporter-output>
        </test-method> <!-- getDriver -->
        <test-method is-config="true" signature="setparavalues(java.lang.String,java.lang.String,java.lang.String,int)[pri:0, instance:com.testcases.VendorPortalTest@558bdf1f]" started-at="2024-10-12T12:30:39 GMT" name="setparavalues" finished-at="2024-10-12T12:30:39 GMT" depends-on-methods="com.base.BaseTest.getDriver" duration-ms="14" status="PASS">
          <params>
            <param index="0">
              <value>
                <![CDATA[john]]>
              </value>
            </param>
            <param index="1">
              <value>
                <![CDATA[john]]>
              </value>
            </param>
            <param index="2">
              <value>
                <![CDATA[ge]]>
              </value>
            </param>
            <param index="3">
              <value>
                <![CDATA[11]]>
              </value>
            </param>
          </params>
          <reporter-output>
          </reporter-output>
        </test-method> <!-- setparavalues -->
        <test-method signature="loginTest()[pri:0, instance:com.testcases.VendorPortalTest@558bdf1f]" started-at="2024-10-12T12:30:39 GMT" name="loginTest" finished-at="2024-10-12T12:30:40 GMT" duration-ms="1801" status="PASS">
          <reporter-output>
          </reporter-output>
        </test-method> <!-- loginTest -->
        <test-method signature="DashboardTest()[pri:0, instance:com.testcases.VendorPortalTest@558bdf1f]" started-at="2024-10-12T12:30:40 GMT" name="DashboardTest" finished-at="2024-10-12T12:30:48 GMT" depends-on-methods="com.testcases.VendorPortalTest.loginTest" duration-ms="7706" status="PASS">
          <reporter-output>
          </reporter-output>
        </test-method> <!-- DashboardTest -->
        <test-method signature="logOut()[pri:0, instance:com.testcases.VendorPortalTest@558bdf1f]" started-at="2024-10-12T12:30:48 GMT" name="logOut" finished-at="2024-10-12T12:30:49 GMT" depends-on-methods="com.testcases.VendorPortalTest.DashboardTest" duration-ms="1039" status="PASS">
          <reporter-output>
          </reporter-output>
        </test-method> <!-- logOut -->
        <test-method is-config="true" signature="quitDriver()[pri:0, instance:com.testcases.VendorPortalTest@558bdf1f]" started-at="2024-10-12T12:30:49 GMT" name="quitDriver" finished-at="2024-10-12T12:30:49 GMT" duration-ms="82" status="PASS">
          <reporter-output>
          </reporter-output>
        </test-method> <!-- quitDriver -->
      </class> <!-- com.testcases.VendorPortalTest -->
    </test> <!-- Test3 -->
    <test started-at="2024-10-12T12:30:37 GMT" name="Test1" finished-at="2024-10-12T12:30:50 GMT" duration-ms="13065">
      <class name="com.testcases.VendorPortalTest">
        <test-method is-config="true" signature="getDriver(org.testng.ITestContext)[pri:0, instance:com.testcases.VendorPortalTest@16eccb2e]" started-at="2024-10-12T12:30:37 GMT" name="getDriver" finished-at="2024-10-12T12:30:39 GMT" duration-ms="2072" status="PASS">
          <params>
            <param index="0">
              <value>
                <![CDATA[org.testng.TestRunner@46dffdc3]]>
              </value>
            </param>
          </params>
          <reporter-output>
          </reporter-output>
        </test-method> <!-- getDriver -->
        <test-method is-config="true" signature="setparavalues(java.lang.String,java.lang.String,java.lang.String,int)[pri:0, instance:com.testcases.VendorPortalTest@16eccb2e]" started-at="2024-10-12T12:30:39 GMT" name="setparavalues" finished-at="2024-10-12T12:30:39 GMT" depends-on-methods="com.base.BaseTest.getDriver" duration-ms="14" status="PASS">
          <params>
            <param index="0">
              <value>
                <![CDATA[sam]]>
              </value>
            </param>
            <param index="1">
              <value>
                <![CDATA[sam]]>
              </value>
            </param>
            <param index="2">
              <value>
                <![CDATA[adams]]>
              </value>
            </param>
            <param index="3">
              <value>
                <![CDATA[8]]>
              </value>
            </param>
          </params>
          <reporter-output>
          </reporter-output>
        </test-method> <!-- setparavalues -->
        <test-method signature="loginTest()[pri:0, instance:com.testcases.VendorPortalTest@16eccb2e]" started-at="2024-10-12T12:30:39 GMT" name="loginTest" finished-at="2024-10-12T12:30:40 GMT" duration-ms="1773" status="PASS">
          <reporter-output>
          </reporter-output>
        </test-method> <!-- loginTest -->
        <test-method signature="DashboardTest()[pri:0, instance:com.testcases.VendorPortalTest@16eccb2e]" started-at="2024-10-12T12:30:40 GMT" name="DashboardTest" finished-at="2024-10-12T12:30:48 GMT" depends-on-methods="com.testcases.VendorPortalTest.loginTest" duration-ms="8023" status="PASS">
          <reporter-output>
          </reporter-output>
        </test-method> <!-- DashboardTest -->
        <test-method signature="logOut()[pri:0, instance:com.testcases.VendorPortalTest@16eccb2e]" started-at="2024-10-12T12:30:48 GMT" name="logOut" finished-at="2024-10-12T12:30:49 GMT" depends-on-methods="com.testcases.VendorPortalTest.DashboardTest" duration-ms="1066" status="PASS">
          <reporter-output>
          </reporter-output>
        </test-method> <!-- logOut -->
        <test-method is-config="true" signature="quitDriver()[pri:0, instance:com.testcases.VendorPortalTest@16eccb2e]" started-at="2024-10-12T12:30:49 GMT" name="quitDriver" finished-at="2024-10-12T12:30:50 GMT" duration-ms="79" status="PASS">
          <reporter-output>
          </reporter-output>
        </test-method> <!-- quitDriver -->
      </class> <!-- com.testcases.VendorPortalTest -->
    </test> <!-- Test1 -->
  </suite> <!-- Vendor Suite -->
</testng-results>
